<?xml version="1.0" encoding="UTF-8"?>
<!-- Generated by org.testng.reporters.JUnitXMLReporter -->
<testsuite ignored="0" hostname="Anamul" failures="0" tests="4" name="Default test" time="25.562" errors="0" timestamp="2022-03-27T01:53:46 BDT">
  <testcase classname="com.priyoshop.Ecommerce" name="priyoTitleTest" time="0.012"/>
  <testcase classname="com.priyoshop.Ecommerce" name="priyoLogoTest" time="5.266"/>
  <testcase classname="com.priyoshop.Ecommerce" name="logIn" time="4.272"/>
  <testcase classname="com.priyoshop.Ecommerce" name="buyProduct" time="3.883"/>
</testsuite> <!-- Default test -->
