<?xml version="1.0" encoding="UTF-8"?>
<testng-results ignored="0" total="4" passed="3" failed="1" skipped="0">
  <reporter-output>
  </reporter-output>
  <suite started-at="2022-03-27T20:44:02 BDT" name="Default suite" finished-at="2022-03-27T20:44:32 BDT" duration-ms="29623">
    <groups>
    </groups>
    <test started-at="2022-03-27T20:44:02 BDT" name="Default test" finished-at="2022-03-27T20:44:32 BDT" duration-ms="29623">
      <class name="com.priyoshop.Ecommerce">
        <test-method is-config="true" signature="setExtent()[pri:0, instance:com.priyoshop.Ecommerce@2e3967ea]" started-at="2022-03-27T20:44:02 BDT" name="setExtent" finished-at="2022-03-27T20:44:02 BDT" duration-ms="144" status="PASS">
          <reporter-output>
          </reporter-output>
        </test-method> <!-- setExtent -->
        <test-method is-config="true" signature="setup()[pri:0, instance:com.priyoshop.Ecommerce@2e3967ea]" started-at="2022-03-27T20:44:02 BDT" name="setup" finished-at="2022-03-27T20:44:16 BDT" duration-ms="13396" status="PASS">
          <reporter-output>
          </reporter-output>
        </test-method> <!-- setup -->
        <test-method signature="priyoTitleTest()[pri:0, instance:com.priyoshop.Ecommerce@2e3967ea]" started-at="2022-03-27T20:44:16 BDT" name="priyoTitleTest" finished-at="2022-03-27T20:44:16 BDT" duration-ms="14" status="PASS">
          <reporter-output>
          </reporter-output>
        </test-method> <!-- priyoTitleTest -->
        <test-method is-config="true" signature="tearDown(org.testng.ITestResult)[pri:0, instance:com.priyoshop.Ecommerce@2e3967ea]" started-at="2022-03-27T20:44:16 BDT" name="tearDown" finished-at="2022-03-27T20:44:16 BDT" duration-ms="5" status="PASS">
          <params>
            <param index="0">
              <value>
                <![CDATA[[TestResult name=priyoTitleTest status=SUCCESS method=Ecommerce.priyoTitleTest()[pri:0, instance:com.priyoshop.Ecommerce@2e3967ea] output={null}]]]>
              </value>
            </param>
          </params>
          <reporter-output>
          </reporter-output>
        </test-method> <!-- tearDown -->
        <test-method signature="priyoLogoTest()[pri:1, instance:com.priyoshop.Ecommerce@2e3967ea]" started-at="2022-03-27T20:44:16 BDT" name="priyoLogoTest" finished-at="2022-03-27T20:44:21 BDT" duration-ms="5265" status="PASS">
          <reporter-output>
          </reporter-output>
        </test-method> <!-- priyoLogoTest -->
        <test-method signature="logIn()[pri:2, instance:com.priyoshop.Ecommerce@2e3967ea]" started-at="2022-03-27T20:44:21 BDT" name="logIn" finished-at="2022-03-27T20:44:26 BDT" duration-ms="4783" status="PASS">
          <reporter-output>
          </reporter-output>
        </test-method> <!-- logIn -->
        <test-method is-config="true" signature="tearDown(org.testng.ITestResult)[pri:0, instance:com.priyoshop.Ecommerce@2e3967ea]" started-at="2022-03-27T20:44:21 BDT" name="tearDown" finished-at="2022-03-27T20:44:21 BDT" duration-ms="0" status="PASS">
          <params>
            <param index="0">
              <value>
                <![CDATA[[TestResult name=priyoLogoTest status=SUCCESS method=Ecommerce.priyoLogoTest()[pri:1, instance:com.priyoshop.Ecommerce@2e3967ea] output={null}]]]>
              </value>
            </param>
          </params>
          <reporter-output>
          </reporter-output>
        </test-method> <!-- tearDown -->
        <test-method is-config="true" signature="tearDown(org.testng.ITestResult)[pri:0, instance:com.priyoshop.Ecommerce@2e3967ea]" started-at="2022-03-27T20:44:26 BDT" name="tearDown" finished-at="2022-03-27T20:44:26 BDT" duration-ms="1" status="PASS">
          <params>
            <param index="0">
              <value>
                <![CDATA[[TestResult name=logIn status=SUCCESS method=Ecommerce.logIn()[pri:2, instance:com.priyoshop.Ecommerce@2e3967ea] output={null}]]]>
              </value>
            </param>
          </params>
          <reporter-output>
          </reporter-output>
        </test-method> <!-- tearDown -->
        <test-method signature="buyProduct()[pri:3, instance:com.priyoshop.Ecommerce@2e3967ea]" started-at="2022-03-27T20:44:26 BDT" name="buyProduct" finished-at="2022-03-27T20:44:32 BDT" duration-ms="5953" status="FAIL">
          <exception class="org.openqa.selenium.ElementClickInterceptedException">
            <message>
              <![CDATA[Element <a class="cart-trigger" href="/cart"> is not clickable at point (1206,71) because another element <div class="ajax-loading-block-window"> obscures it
Build info: version: '4.1.0', revision: '87802e897b'
System info: host: 'ANAMUL', ip: '192.168.0.101', os.name: 'Windows 10', os.arch: 'amd64', os.version: '10.0', java.version: '17.0.1'
Driver info: org.openqa.selenium.firefox.FirefoxDriver
Command: [23ec8a50-f4c9-4005-95a7-52a1f91b482d, clickElement {id=1ca828ee-3b93-415f-b87f-34eb1eb83087}]
Capabilities {acceptInsecureCerts: true, browserName: firefox, browserVersion: 98.0.2, javascriptEnabled: true, moz:accessibilityChecks: false, moz:buildID: 20220322144853, moz:debuggerAddress: localhost:64854, moz:geckodriverVersion: 0.30.0, moz:headless: false, moz:processID: 18824, moz:profile: C:\Users\anamu\AppData\Loca..., moz:shutdownTimeout: 60000, moz:useNonSpecCompliantPointerOrigin: false, moz:webdriverClick: true, pageLoadStrategy: normal, platform: WINDOWS, platformName: WINDOWS, platformVersion: 10.0, proxy: Proxy(), se:cdp: ws://localhost:64854/devtoo..., se:cdpVersion: 85, setWindowRect: true, strictFileInteractability: false, timeouts: {implicit: 0, pageLoad: 300000, script: 30000}, unhandledPromptBehavior: dismiss and notify}
Element: [[FirefoxDriver: firefox on WINDOWS (23ec8a50-f4c9-4005-95a7-52a1f91b482d)] -> css selector: a[href *= '/cart']]
Session ID: 23ec8a50-f4c9-4005-95a7-52a1f91b482d]]>
            </message>
            <full-stacktrace>
              <![CDATA[org.openqa.selenium.ElementClickInterceptedException: Element <a class="cart-trigger" href="/cart"> is not clickable at point (1206,71) because another element <div class="ajax-loading-block-window"> obscures it
Build info: version: '4.1.0', revision: '87802e897b'
System info: host: 'ANAMUL', ip: '192.168.0.101', os.name: 'Windows 10', os.arch: 'amd64', os.version: '10.0', java.version: '17.0.1'
Driver info: org.openqa.selenium.firefox.FirefoxDriver
Command: [23ec8a50-f4c9-4005-95a7-52a1f91b482d, clickElement {id=1ca828ee-3b93-415f-b87f-34eb1eb83087}]
Capabilities {acceptInsecureCerts: true, browserName: firefox, browserVersion: 98.0.2, javascriptEnabled: true, moz:accessibilityChecks: false, moz:buildID: 20220322144853, moz:debuggerAddress: localhost:64854, moz:geckodriverVersion: 0.30.0, moz:headless: false, moz:processID: 18824, moz:profile: C:\Users\anamu\AppData\Loca..., moz:shutdownTimeout: 60000, moz:useNonSpecCompliantPointerOrigin: false, moz:webdriverClick: true, pageLoadStrategy: normal, platform: WINDOWS, platformName: WINDOWS, platformVersion: 10.0, proxy: Proxy(), se:cdp: ws://localhost:64854/devtoo..., se:cdpVersion: 85, setWindowRect: true, strictFileInteractability: false, timeouts: {implicit: 0, pageLoad: 300000, script: 30000}, unhandledPromptBehavior: dismiss and notify}
Element: [[FirefoxDriver: firefox on WINDOWS (23ec8a50-f4c9-4005-95a7-52a1f91b482d)] -> css selector: a[href *= '/cart']]
Session ID: 23ec8a50-f4c9-4005-95a7-52a1f91b482d
at java.base/jdk.internal.reflect.NativeConstructorAccessorImpl.newInstance0(Native Method)
at java.base/jdk.internal.reflect.NativeConstructorAccessorImpl.newInstance(NativeConstructorAccessorImpl.java:77)
at java.base/jdk.internal.reflect.DelegatingConstructorAccessorImpl.newInstance(DelegatingConstructorAccessorImpl.java:45)
at java.base/java.lang.reflect.Constructor.newInstanceWithCaller(Constructor.java:499)
at java.base/java.lang.reflect.Constructor.newInstance(Constructor.java:480)
at org.openqa.selenium.remote.codec.w3c.W3CHttpResponseCodec.createException(W3CHttpResponseCodec.java:200)
at org.openqa.selenium.remote.codec.w3c.W3CHttpResponseCodec.decode(W3CHttpResponseCodec.java:133)
at org.openqa.selenium.remote.codec.w3c.W3CHttpResponseCodec.decode(W3CHttpResponseCodec.java:53)
at org.openqa.selenium.remote.HttpCommandExecutor.execute(HttpCommandExecutor.java:184)
at org.openqa.selenium.remote.service.DriverCommandExecutor.invokeExecute(DriverCommandExecutor.java:164)
at org.openqa.selenium.remote.service.DriverCommandExecutor.execute(DriverCommandExecutor.java:139)
at org.openqa.selenium.remote.RemoteWebDriver.execute(RemoteWebDriver.java:559)
at org.openqa.selenium.remote.RemoteWebElement.execute(RemoteWebElement.java:251)
at org.openqa.selenium.remote.RemoteWebElement.click(RemoteWebElement.java:77)
at com.priyoshop.Ecommerce.buyProduct(Ecommerce.java:141)
at java.base/jdk.internal.reflect.NativeMethodAccessorImpl.invoke0(Native Method)
at java.base/jdk.internal.reflect.NativeMethodAccessorImpl.invoke(NativeMethodAccessorImpl.java:77)
at java.base/jdk.internal.reflect.DelegatingMethodAccessorImpl.invoke(DelegatingMethodAccessorImpl.java:43)
at java.base/java.lang.reflect.Method.invoke(Method.java:568)
at org.testng.internal.invokers.MethodInvocationHelper.invokeMethod(MethodInvocationHelper.java:135)
at org.testng.internal.invokers.TestInvoker.invokeMethod(TestInvoker.java:673)
at org.testng.internal.invokers.TestInvoker.invokeTestMethod(TestInvoker.java:220)
at org.testng.internal.invokers.MethodRunner.runInSequence(MethodRunner.java:50)
at org.testng.internal.invokers.TestInvoker$MethodInvocationAgent.invoke(TestInvoker.java:945)
at org.testng.internal.invokers.TestInvoker.invokeTestMethods(TestInvoker.java:193)
at org.testng.internal.invokers.TestMethodWorker.invokeTestMethods(TestMethodWorker.java:146)
at org.testng.internal.invokers.TestMethodWorker.run(TestMethodWorker.java:128)
at java.base/java.util.ArrayList.forEach(ArrayList.java:1511)
at org.testng.TestRunner.privateRun(TestRunner.java:808)
at org.testng.TestRunner.run(TestRunner.java:603)
at org.testng.SuiteRunner.runTest(SuiteRunner.java:429)
at org.testng.SuiteRunner.runSequentially(SuiteRunner.java:423)
at org.testng.SuiteRunner.privateRun(SuiteRunner.java:383)
at org.testng.SuiteRunner.run(SuiteRunner.java:326)
at org.testng.SuiteRunnerWorker.runSuite(SuiteRunnerWorker.java:52)
at org.testng.SuiteRunnerWorker.run(SuiteRunnerWorker.java:95)
at org.testng.TestNG.runSuitesSequentially(TestNG.java:1249)
at org.testng.TestNG.runSuitesLocally(TestNG.java:1169)
at org.testng.TestNG.runSuites(TestNG.java:1092)
at org.testng.TestNG.run(TestNG.java:1060)
at org.testng.remote.AbstractRemoteTestNG.run(AbstractRemoteTestNG.java:115)
at org.testng.remote.RemoteTestNG.initAndRun(RemoteTestNG.java:251)
at org.testng.remote.RemoteTestNG.main(RemoteTestNG.java:77)
]]>
            </full-stacktrace>
          </exception> <!-- org.openqa.selenium.ElementClickInterceptedException -->
          <reporter-output>
          </reporter-output>
        </test-method> <!-- buyProduct -->
        <test-method is-config="true" signature="tearDown(org.testng.ITestResult)[pri:0, instance:com.priyoshop.Ecommerce@2e3967ea]" started-at="2022-03-27T20:44:32 BDT" name="tearDown" finished-at="2022-03-27T20:44:32 BDT" duration-ms="21" status="FAIL">
          <params>
            <param index="0">
              <value>
                <![CDATA[[TestResult name=buyProduct status=FAILURE method=Ecommerce.buyProduct()[pri:3, instance:com.priyoshop.Ecommerce@2e3967ea] output={null}]]]>
              </value>
            </param>
          </params>
          <exception class="org.openqa.selenium.WebDriverException">
            <message>
              <![CDATA[TypeError: rect is null
Build info: version: '4.1.0', revision: '87802e897b'
System info: host: 'ANAMUL', ip: '192.168.0.101', os.name: 'Windows 10', os.arch: 'amd64', os.version: '10.0', java.version: '17.0.1'
Driver info: org.openqa.selenium.firefox.FirefoxDriver
Command: [23ec8a50-f4c9-4005-95a7-52a1f91b482d, screenshot {}]
Capabilities {acceptInsecureCerts: true, browserName: firefox, browserVersion: 98.0.2, javascriptEnabled: true, moz:accessibilityChecks: false, moz:buildID: 20220322144853, moz:debuggerAddress: localhost:64854, moz:geckodriverVersion: 0.30.0, moz:headless: false, moz:processID: 18824, moz:profile: C:\Users\anamu\AppData\Loca..., moz:shutdownTimeout: 60000, moz:useNonSpecCompliantPointerOrigin: false, moz:webdriverClick: true, pageLoadStrategy: normal, platform: WINDOWS, platformName: WINDOWS, platformVersion: 10.0, proxy: Proxy(), se:cdp: ws://localhost:64854/devtoo..., se:cdpVersion: 85, setWindowRect: true, strictFileInteractability: false, timeouts: {implicit: 0, pageLoad: 300000, script: 30000}, unhandledPromptBehavior: dismiss and notify}
Session ID: 23ec8a50-f4c9-4005-95a7-52a1f91b482d]]>
            </message>
            <full-stacktrace>
              <![CDATA[org.openqa.selenium.WebDriverException: TypeError: rect is null
Build info: version: '4.1.0', revision: '87802e897b'
System info: host: 'ANAMUL', ip: '192.168.0.101', os.name: 'Windows 10', os.arch: 'amd64', os.version: '10.0', java.version: '17.0.1'
Driver info: org.openqa.selenium.firefox.FirefoxDriver
Command: [23ec8a50-f4c9-4005-95a7-52a1f91b482d, screenshot {}]
Capabilities {acceptInsecureCerts: true, browserName: firefox, browserVersion: 98.0.2, javascriptEnabled: true, moz:accessibilityChecks: false, moz:buildID: 20220322144853, moz:debuggerAddress: localhost:64854, moz:geckodriverVersion: 0.30.0, moz:headless: false, moz:processID: 18824, moz:profile: C:\Users\anamu\AppData\Loca..., moz:shutdownTimeout: 60000, moz:useNonSpecCompliantPointerOrigin: false, moz:webdriverClick: true, pageLoadStrategy: normal, platform: WINDOWS, platformName: WINDOWS, platformVersion: 10.0, proxy: Proxy(), se:cdp: ws://localhost:64854/devtoo..., se:cdpVersion: 85, setWindowRect: true, strictFileInteractability: false, timeouts: {implicit: 0, pageLoad: 300000, script: 30000}, unhandledPromptBehavior: dismiss and notify}
Session ID: 23ec8a50-f4c9-4005-95a7-52a1f91b482d
at java.base/jdk.internal.reflect.NativeConstructorAccessorImpl.newInstance0(Native Method)
at java.base/jdk.internal.reflect.NativeConstructorAccessorImpl.newInstance(NativeConstructorAccessorImpl.java:77)
at java.base/jdk.internal.reflect.DelegatingConstructorAccessorImpl.newInstance(DelegatingConstructorAccessorImpl.java:45)
at java.base/java.lang.reflect.Constructor.newInstanceWithCaller(Constructor.java:499)
at java.base/java.lang.reflect.Constructor.newInstance(Constructor.java:480)
at org.openqa.selenium.remote.codec.w3c.W3CHttpResponseCodec.createException(W3CHttpResponseCodec.java:200)
at org.openqa.selenium.remote.codec.w3c.W3CHttpResponseCodec.decode(W3CHttpResponseCodec.java:133)
at org.openqa.selenium.remote.codec.w3c.W3CHttpResponseCodec.decode(W3CHttpResponseCodec.java:53)
at org.openqa.selenium.remote.HttpCommandExecutor.execute(HttpCommandExecutor.java:184)
at org.openqa.selenium.remote.service.DriverCommandExecutor.invokeExecute(DriverCommandExecutor.java:164)
at org.openqa.selenium.remote.service.DriverCommandExecutor.execute(DriverCommandExecutor.java:139)
at org.openqa.selenium.remote.RemoteWebDriver.execute(RemoteWebDriver.java:559)
at org.openqa.selenium.remote.RemoteWebDriver.execute(RemoteWebDriver.java:614)
at org.openqa.selenium.remote.RemoteWebDriver.execute(RemoteWebDriver.java:618)
at org.openqa.selenium.remote.RemoteWebDriver.getScreenshotAs(RemoteWebDriver.java:349)
at com.priyoshop.Ecommerce.getScreenshot(Ecommerce.java:170)
at com.priyoshop.Ecommerce.tearDown(Ecommerce.java:156)
at java.base/jdk.internal.reflect.NativeMethodAccessorImpl.invoke0(Native Method)
at java.base/jdk.internal.reflect.NativeMethodAccessorImpl.invoke(NativeMethodAccessorImpl.java:77)
at java.base/jdk.internal.reflect.DelegatingMethodAccessorImpl.invoke(DelegatingMethodAccessorImpl.java:43)
at java.base/java.lang.reflect.Method.invoke(Method.java:568)
at org.testng.internal.invokers.MethodInvocationHelper.invokeMethod(MethodInvocationHelper.java:135)
at org.testng.internal.invokers.MethodInvocationHelper.invokeMethodConsideringTimeout(MethodInvocationHelper.java:65)
at org.testng.internal.invokers.ConfigInvoker.invokeConfigurationMethod(ConfigInvoker.java:381)
at org.testng.internal.invokers.ConfigInvoker.invokeConfigurations(ConfigInvoker.java:319)
at org.testng.internal.invokers.TestInvoker.runConfigMethods(TestInvoker.java:803)
at org.testng.internal.invokers.TestInvoker.runAfterConfigurations(TestInvoker.java:772)
at org.testng.internal.invokers.TestInvoker.invokeMethod(TestInvoker.java:748)
at org.testng.internal.invokers.TestInvoker.invokeTestMethod(TestInvoker.java:220)
at org.testng.internal.invokers.MethodRunner.runInSequence(MethodRunner.java:50)
at org.testng.internal.invokers.TestInvoker$MethodInvocationAgent.invoke(TestInvoker.java:945)
at org.testng.internal.invokers.TestInvoker.invokeTestMethods(TestInvoker.java:193)
at org.testng.internal.invokers.TestMethodWorker.invokeTestMethods(TestMethodWorker.java:146)
at org.testng.internal.invokers.TestMethodWorker.run(TestMethodWorker.java:128)
at java.base/java.util.ArrayList.forEach(ArrayList.java:1511)
at org.testng.TestRunner.privateRun(TestRunner.java:808)
at org.testng.TestRunner.run(TestRunner.java:603)
at org.testng.SuiteRunner.runTest(SuiteRunner.java:429)
at org.testng.SuiteRunner.runSequentially(SuiteRunner.java:423)
at org.testng.SuiteRunner.privateRun(SuiteRunner.java:383)
at org.testng.SuiteRunner.run(SuiteRunner.java:326)
at org.testng.SuiteRunnerWorker.runSuite(SuiteRunnerWorker.java:52)
at org.testng.SuiteRunnerWorker.run(SuiteRunnerWorker.java:95)
at org.testng.TestNG.runSuitesSequentially(TestNG.java:1249)
at org.testng.TestNG.runSuitesLocally(TestNG.java:1169)
at org.testng.TestNG.runSuites(TestNG.java:1092)
at org.testng.TestNG.run(TestNG.java:1060)
at org.testng.remote.AbstractRemoteTestNG.run(AbstractRemoteTestNG.java:115)
at org.testng.remote.RemoteTestNG.initAndRun(RemoteTestNG.java:251)
at org.testng.remote.RemoteTestNG.main(RemoteTestNG.java:77)
]]>
            </full-stacktrace>
          </exception> <!-- org.openqa.selenium.WebDriverException -->
          <reporter-output>
          </reporter-output>
        </test-method> <!-- tearDown -->
        <test-method is-config="true" signature="endReport()[pri:0, instance:com.priyoshop.Ecommerce@2e3967ea]" started-at="2022-03-27T20:44:32 BDT" name="endReport" finished-at="2022-03-27T20:44:32 BDT" duration-ms="0" status="SKIP">
          <reporter-output>
          </reporter-output>
        </test-method> <!-- endReport -->
      </class> <!-- com.priyoshop.Ecommerce -->
    </test> <!-- Default test -->
  </suite> <!-- Default suite -->
</testng-results>
