<?xml version="1.0" encoding="UTF-8"?>
<testng-results ignored="0" total="4" passed="4" failed="0" skipped="0">
  <reporter-output>
  </reporter-output>
  <suite started-at="2022-03-27T01:53:20 BDT" name="Default suite" finished-at="2022-03-27T01:53:46 BDT" duration-ms="25562">
    <groups>
    </groups>
    <test started-at="2022-03-27T01:53:20 BDT" name="Default test" finished-at="2022-03-27T01:53:46 BDT" duration-ms="25562">
      <class name="com.priyoshop.Ecommerce">
        <test-method is-config="true" signature="setExtent()[pri:0, instance:com.priyoshop.Ecommerce@5d534f5d]" started-at="2022-03-27T01:53:20 BDT" name="setExtent" finished-at="2022-03-27T01:53:20 BDT" duration-ms="156" status="PASS">
          <reporter-output>
          </reporter-output>
        </test-method> <!-- setExtent -->
        <test-method is-config="true" signature="setup()[pri:0, instance:com.priyoshop.Ecommerce@5d534f5d]" started-at="2022-03-27T01:53:20 BDT" name="setup" finished-at="2022-03-27T01:53:32 BDT" duration-ms="11694" status="PASS">
          <reporter-output>
          </reporter-output>
        </test-method> <!-- setup -->
        <test-method signature="priyoTitleTest()[pri:0, instance:com.priyoshop.Ecommerce@5d534f5d]" started-at="2022-03-27T01:53:32 BDT" name="priyoTitleTest" finished-at="2022-03-27T01:53:32 BDT" duration-ms="12" status="PASS">
          <reporter-output>
          </reporter-output>
        </test-method> <!-- priyoTitleTest -->
        <test-method is-config="true" signature="tearDown(org.testng.ITestResult)[pri:0, instance:com.priyoshop.Ecommerce@5d534f5d]" started-at="2022-03-27T01:53:32 BDT" name="tearDown" finished-at="2022-03-27T01:53:32 BDT" duration-ms="6" status="PASS">
          <params>
            <param index="0">
              <value>
                <![CDATA[[TestResult name=priyoTitleTest status=SUCCESS method=Ecommerce.priyoTitleTest()[pri:0, instance:com.priyoshop.Ecommerce@5d534f5d] output={null}]]]>
              </value>
            </param>
          </params>
          <reporter-output>
          </reporter-output>
        </test-method> <!-- tearDown -->
        <test-method signature="priyoLogoTest()[pri:1, instance:com.priyoshop.Ecommerce@5d534f5d]" started-at="2022-03-27T01:53:32 BDT" name="priyoLogoTest" finished-at="2022-03-27T01:53:37 BDT" duration-ms="5266" status="PASS">
          <reporter-output>
          </reporter-output>
        </test-method> <!-- priyoLogoTest -->
        <test-method is-config="true" signature="tearDown(org.testng.ITestResult)[pri:0, instance:com.priyoshop.Ecommerce@5d534f5d]" started-at="2022-03-27T01:53:37 BDT" name="tearDown" finished-at="2022-03-27T01:53:37 BDT" duration-ms="0" status="PASS">
          <params>
            <param index="0">
              <value>
                <![CDATA[[TestResult name=priyoLogoTest status=SUCCESS method=Ecommerce.priyoLogoTest()[pri:1, instance:com.priyoshop.Ecommerce@5d534f5d] output={null}]]]>
              </value>
            </param>
          </params>
          <reporter-output>
          </reporter-output>
        </test-method> <!-- tearDown -->
        <test-method signature="logIn()[pri:2, instance:com.priyoshop.Ecommerce@5d534f5d]" started-at="2022-03-27T01:53:37 BDT" name="logIn" finished-at="2022-03-27T01:53:41 BDT" duration-ms="4272" status="PASS">
          <reporter-output>
          </reporter-output>
        </test-method> <!-- logIn -->
        <test-method is-config="true" signature="tearDown(org.testng.ITestResult)[pri:0, instance:com.priyoshop.Ecommerce@5d534f5d]" started-at="2022-03-27T01:53:41 BDT" name="tearDown" finished-at="2022-03-27T01:53:41 BDT" duration-ms="0" status="PASS">
          <params>
            <param index="0">
              <value>
                <![CDATA[[TestResult name=logIn status=SUCCESS method=Ecommerce.logIn()[pri:2, instance:com.priyoshop.Ecommerce@5d534f5d] output={null}]]]>
              </value>
            </param>
          </params>
          <reporter-output>
          </reporter-output>
        </test-method> <!-- tearDown -->
        <test-method signature="buyProduct()[pri:3, instance:com.priyoshop.Ecommerce@5d534f5d]" started-at="2022-03-27T01:53:41 BDT" name="buyProduct" finished-at="2022-03-27T01:53:45 BDT" duration-ms="3883" status="PASS">
          <reporter-output>
          </reporter-output>
        </test-method> <!-- buyProduct -->
        <test-method is-config="true" signature="tearDown(org.testng.ITestResult)[pri:0, instance:com.priyoshop.Ecommerce@5d534f5d]" started-at="2022-03-27T01:53:45 BDT" name="tearDown" finished-at="2022-03-27T01:53:45 BDT" duration-ms="0" status="PASS">
          <params>
            <param index="0">
              <value>
                <![CDATA[[TestResult name=buyProduct status=SUCCESS method=Ecommerce.buyProduct()[pri:3, instance:com.priyoshop.Ecommerce@5d534f5d] output={null}]]]>
              </value>
            </param>
          </params>
          <reporter-output>
          </reporter-output>
        </test-method> <!-- tearDown -->
        <test-method is-config="true" signature="endReport()[pri:0, instance:com.priyoshop.Ecommerce@5d534f5d]" started-at="2022-03-27T01:53:45 BDT" name="endReport" finished-at="2022-03-27T01:53:46 BDT" duration-ms="236" status="PASS">
          <reporter-output>
          </reporter-output>
        </test-method> <!-- endReport -->
      </class> <!-- com.priyoshop.Ecommerce -->
    </test> <!-- Default test -->
  </suite> <!-- Default suite -->
</testng-results>
